0 info it worked if it ends with ok
1 verbose cli [ 'G:\\anzhuang\\node\\node.exe',
1 verbose cli   'G:\\anzhuang\\node\\node_modules\\npm\\bin\\npm-cli.js',
1 verbose cli   'run',
1 verbose cli   'tsc:w' ]
2 info using npm@3.3.12
3 info using node@v5.2.0
4 verbose run-script [ 'pretsc:w', 'tsc:w', 'posttsc:w' ]
5 info lifecycle angular2-quickstart@1.0.0~pretsc:w: angular2-quickstart@1.0.0
6 silly lifecycle angular2-quickstart@1.0.0~pretsc:w: no script for pretsc:w, continuing
7 info lifecycle angular2-quickstart@1.0.0~tsc:w: angular2-quickstart@1.0.0
8 verbose lifecycle angular2-quickstart@1.0.0~tsc:w: unsafe-perm in lifecycle true
9 verbose lifecycle angular2-quickstart@1.0.0~tsc:w: PATH: G:\anzhuang\node\node_modules\npm\bin\node-gyp-bin;F:\workspace\angular2\firstApp\node_modules\.bin;G:\anzhuang\node\node_modules\npm\bin\node-gyp-bin;F:\workspace\angular2\firstApp\node_modules\.bin;C:\ProgramData\Oracle\Java\javapath;C:\Program Files\NVIDIA Corporation\PhysX\Common;D:\Ruby\Ruby193\bin;C:\Sencha_Cmd\bin\Sencha\Cmd\4.0.2.67;C:\Windows\system32;C:\Windows;C:\Windows\System32\Wbem;C:\Windows\System32\WindowsPowerShell\v1.0\;C:\Program Files\MySQL\MySQL Server 5.5\bin;C:\Program Files\Java\jdk1.7.0_45\bin;C:\Program Files\Java\jdk1.7.0_45\jre\bin;C:\www\apache_ant\bin;D:\Eclipse\adt-bundle\sdk\tools;D:\anzhuang\xiaowugui\bin;G:\anzhuang\node\;G:\anzhuang\Git\cmd;C:\Users\Administrator\AppData\Roaming\npm;G:\anzhuang\Microsoft VS Code\bin
10 verbose lifecycle angular2-quickstart@1.0.0~tsc:w: CWD: F:\workspace\angular2\firstApp
11 silly lifecycle angular2-quickstart@1.0.0~tsc:w: Args: [ '/d /s /c', 'tsc -w' ]
12 silly lifecycle angular2-quickstart@1.0.0~tsc:w: Returned: code: 3221225786  signal: null
13 info lifecycle angular2-quickstart@1.0.0~tsc:w: Failed to exec tsc:w script
14 verbose stack Error: angular2-quickstart@1.0.0 tsc:w: `tsc -w`
14 verbose stack Exit status 3221225786
14 verbose stack     at EventEmitter.<anonymous> (G:\anzhuang\node\node_modules\npm\lib\utils\lifecycle.js:232:16)
14 verbose stack     at emitTwo (events.js:88:13)
14 verbose stack     at EventEmitter.emit (events.js:173:7)
14 verbose stack     at ChildProcess.<anonymous> (G:\anzhuang\node\node_modules\npm\lib\utils\spawn.js:24:14)
14 verbose stack     at emitTwo (events.js:88:13)
14 verbose stack     at ChildProcess.emit (events.js:173:7)
14 verbose stack     at maybeClose (internal/child_process.js:819:16)
14 verbose stack     at Process.ChildProcess._handle.onexit (internal/child_process.js:212:5)
15 verbose pkgid angular2-quickstart@1.0.0
16 verbose cwd F:\workspace\angular2\firstApp
17 error Windows_NT 6.1.7601
18 error argv "G:\\anzhuang\\node\\node.exe" "G:\\anzhuang\\node\\node_modules\\npm\\bin\\npm-cli.js" "run" "tsc:w"
19 error node v5.2.0
20 error npm  v3.3.12
21 error code ELIFECYCLE
22 error angular2-quickstart@1.0.0 tsc:w: `tsc -w`
22 error Exit status 3221225786
23 error Failed at the angular2-quickstart@1.0.0 tsc:w script 'tsc -w'.
23 error Make sure you have the latest version of node.js and npm installed.
23 error If you do, this is most likely a problem with the angular2-quickstart package,
23 error not with npm itself.
23 error Tell the author that this fails on your system:
23 error     tsc -w
23 error You can get their info via:
23 error     npm owner ls angular2-quickstart
23 error There is likely additional logging output above.
24 verbose exit [ 1, true ]
